<?xml version="1.0" encoding="UTF-8"?>
<!-- Generated by org.testng.reporters.JUnitReportReporter -->
<testsuite hostname="DESKTOP-CBA4DBS" failures="0" tests="2" name="com.gfg.PriorityUnitTest" time="0.000" errors="0" timestamp="2022-10-27T15:09:40 IST" skipped="0">
  <testcase classname="com.gfg.PriorityUnitTest" name="stringToIntCheck" time="0.000"/>
  <system-out/>
  <testcase classname="com.gfg.PriorityUnitTest" name="intToStringCheck" time="0.000"/>
  <system-out/>
</testsuite> <!-- com.gfg.PriorityUnitTest -->
