<?xml version="1.0" encoding="UTF-8"?>
<!-- Generated by org.testng.reporters.JUnitReportReporter -->
<testsuite hostname="DESKTOP-CBA4DBS" failures="0" tests="6" name="com.gfg.ParametrizedUnitTest" time="0.002" errors="0" timestamp="2022-10-27T15:09:40 IST" skipped="0">
  <testcase classname="com.gfg.ParametrizedUnitTest" name="evenNumberCheck" time="0.001"/>
  <system-out/>
  <testcase classname="com.gfg.ParametrizedUnitTest" name="evenNumberObjectCheck" time="0.001"/>
  <system-out/>
  <testcase classname="com.gfg.ParametrizedUnitTest" name="evenNumberObjectCheck" time="0.000"/>
  <system-out/>
  <testcase classname="com.gfg.ParametrizedUnitTest" name="evenNumberCheck" time="0.000"/>
  <system-out/>
  <testcase classname="com.gfg.ParametrizedUnitTest" name="evenNumberObjectCheck" time="0.000"/>
  <system-out/>
  <testcase classname="com.gfg.ParametrizedUnitTest" name="evenNumberCheck" time="0.000"/>
  <system-out/>
</testsuite> <!-- com.gfg.ParametrizedUnitTest -->
