<?xml version="1.0" encoding="UTF-8"?>
<!-- Generated by org.testng.reporters.JUnitReportReporter -->
<testsuite hostname="DESKTOP-CBA4DBS" failures="0" tests="2" name="com.gfg.DependencyUnitTest" time="0.004" errors="0" timestamp="2022-10-27T15:09:40 IST" skipped="0">
  <testcase classname="com.gfg.DependencyUnitTest" name="checkForValidMail" time="0.004"/>
  <system-out/>
  <testcase classname="com.gfg.DependencyUnitTest" name="logInWhenEmailValid" time="0.000"/>
  <system-out/>
</testsuite> <!-- com.gfg.DependencyUnitTest -->
