<?xml version="1.0" encoding="UTF-8"?>
<!-- Generated by org.testng.reporters.JUnitReportReporter -->
<testsuite hostname="DESKTOP-CBA4DBS" failures="0" tests="10" name="com.gfg.MultiThreadedIntegrationTest" time="0.031" errors="0" timestamp="2022-10-27T15:09:40 IST" skipped="0">
  <testcase classname="com.gfg.MultiThreadedIntegrationTest" name="checkForCount" time="0.002"/>
  <system-out/>
  <testcase classname="com.gfg.MultiThreadedIntegrationTest" name="checkForCount" time="0.000"/>
  <system-out/>
  <testcase classname="com.gfg.MultiThreadedIntegrationTest" name="checkForCount" time="0.003"/>
  <system-out/>
  <testcase classname="com.gfg.MultiThreadedIntegrationTest" name="checkForCount" time="0.004"/>
  <system-out/>
  <testcase classname="com.gfg.MultiThreadedIntegrationTest" name="checkForCount" time="0.005"/>
  <system-out/>
  <testcase classname="com.gfg.MultiThreadedIntegrationTest" name="checkForCount" time="0.005"/>
  <system-out/>
  <testcase classname="com.gfg.MultiThreadedIntegrationTest" name="checkForCount" time="0.005"/>
  <system-out/>
  <testcase classname="com.gfg.MultiThreadedIntegrationTest" name="checkForCount" time="0.001"/>
  <system-out/>
  <testcase classname="com.gfg.MultiThreadedIntegrationTest" name="checkForCount" time="0.001"/>
  <system-out/>
  <testcase classname="com.gfg.MultiThreadedIntegrationTest" name="checkForCount" time="0.005"/>
  <system-out/>
</testsuite> <!-- com.gfg.MultiThreadedIntegrationTest -->
